<?xml version="1.0" encoding="UTF-8"?>
<!-- Generated by org.testng.reporters.JUnitXMLReporter -->
<testsuite hostname="DESKTOP-C1UMIF1" name="Default test" tests="8" failures="0" timestamp="28 Jan 2020 14:09:34 GMT" time="7.192" errors="0">
  <testcase name="contentEncoding" time="0.008" classname="RestAssured_folderStructure_log.TestCases.employeeData"/>
  <testcase name="contentLength" time="0.001" classname="RestAssured_folderStructure_log.TestCases.employeeData"/>
  <testcase name="contentType" time="0.002" classname="RestAssured_folderStructure_log.TestCases.employeeData"/>
  <testcase name="getAllEmployees" time="0.035" classname="RestAssured_folderStructure_log.TestCases.employeeData"/>
  <testcase name="responseTime" time="0.003" classname="RestAssured_folderStructure_log.TestCases.employeeData"/>
  <testcase name="server" time="0.001" classname="RestAssured_folderStructure_log.TestCases.employeeData"/>
  <testcase name="statusCode" time="0.002" classname="RestAssured_folderStructure_log.TestCases.employeeData"/>
  <testcase name="statusLine" time="0.002" classname="RestAssured_folderStructure_log.TestCases.employeeData"/>
</testsuite> <!-- Default test -->
